*** Starting uWSGI 2.0.15 (64bit) on [Mon Jun 26 00:06:07 2017] ***
compiled with version: 5.4.0 20160609 on 24 May 2017 12:18:57
os: Linux-4.8.0-56-generic #61~16.04.1-Ubuntu SMP Wed Jun 14 11:58:22 UTC 2017
nodename: sea-virtual-machine
machine: x86_64
clock source: unix
pcre jit disabled
detected number of CPU cores: 1
current working directory: /home/sea/dailyfresh
writing pidfile to uwsgi.pid
detected binary path: /home/sea/.virtualenvs/h1/bin/uwsgi
chdir() to /home/sea/dailyfresh
your processes number limit is 3726
your memory page size is 4096 bytes
detected max file descriptor number: 1024
lock engine: pthread robust mutexes
thunder lock: disabled (you can enable it with --thunder-lock)
uwsgi socket 0 bound to TCP address 127.0.0.1:8000 fd 3
Python version: 2.7.12 (default, Nov 19 2016, 06:48:10)  [GCC 5.4.0 20160609]
Python main interpreter initialized at 0x1f5e0f0
python threads support enabled
your server socket listen backlog is limited to 100 connections
your mercy for graceful operations on workers is 60 seconds
mapped 415280 bytes (405 KB) for 8 cores
*** Operational MODE: preforking+threaded ***
WSGI app 0 (mountpoint='') ready in 1 seconds on interpreter 0x1f5e0f0 pid: 8609 (default app)
*** uWSGI is running in multiple interpreter mode ***
spawned uWSGI master process (pid: 8609)
spawned uWSGI worker 1 (pid: 8612, cores: 2)
spawned uWSGI worker 2 (pid: 8613, cores: 2)
spawned uWSGI worker 3 (pid: 8614, cores: 2)
spawned uWSGI worker 4 (pid: 8615, cores: 2)
SIGINT/SIGQUIT received...killing workers...
worker 1 buried after 2 seconds
worker 2 buried after 2 seconds
worker 3 buried after 1 seconds
worker 4 buried after 1 seconds
goodbye to uWSGI.
*** Starting uWSGI 2.0.15 (64bit) on [Mon Jun 26 00:09:47 2017] ***
compiled with version: 5.4.0 20160609 on 24 May 2017 12:18:57
os: Linux-4.8.0-56-generic #61~16.04.1-Ubuntu SMP Wed Jun 14 11:58:22 UTC 2017
nodename: sea-virtual-machine
machine: x86_64
clock source: unix
pcre jit disabled
detected number of CPU cores: 1
current working directory: /home/sea/dailyfresh
writing pidfile to uwsgi.pid
detected binary path: /home/sea/.virtualenvs/h1/bin/uwsgi
chdir() to /home/sea/dailyfresh
your processes number limit is 3726
your memory page size is 4096 bytes
detected max file descriptor number: 1024
lock engine: pthread robust mutexes
thunder lock: disabled (you can enable it with --thunder-lock)
uwsgi socket 0 bound to TCP address 127.0.0.1:3400 fd 3
Python version: 2.7.12 (default, Nov 19 2016, 06:48:10)  [GCC 5.4.0 20160609]
Python main interpreter initialized at 0x20680f0
python threads support enabled
your server socket listen backlog is limited to 100 connections
your mercy for graceful operations on workers is 60 seconds
mapped 415280 bytes (405 KB) for 8 cores
*** Operational MODE: preforking+threaded ***
WSGI app 0 (mountpoint='') ready in 1 seconds on interpreter 0x20680f0 pid: 8794 (default app)
*** uWSGI is running in multiple interpreter mode ***
spawned uWSGI master process (pid: 8794)
spawned uWSGI worker 1 (pid: 8797, cores: 2)
spawned uWSGI worker 2 (pid: 8798, cores: 2)
spawned uWSGI worker 3 (pid: 8799, cores: 2)
spawned uWSGI worker 4 (pid: 8800, cores: 2)
[pid: 8800|app: 0|req: 1/1] 192.168.1.101 () {42 vars in 759 bytes} [Sun Jun 25 16:16:12 2017] GET /user/login => generated 2407 bytes in 93 msecs (HTTP/1.1 200) 4 headers in 224 bytes (1 switches on core 0)
[pid: 8800|app: 0|req: 2/2] 192.168.1.101 () {52 vars in 997 bytes} [Sun Jun 25 16:18:13 2017] POST /user/login_handler => generated 0 bytes in 227 msecs (HTTP/1.1 302) 6 headers in 262 bytes (1 switches on core 1)
static/images/goods_img/goods018.jpg
static/images/goods_img/goods019.jpg
static/images/goods_img/goods020.jpg
static/images/goods_img/goods021.jpg
[pid: 8800|app: 0|req: 3/3] 192.168.1.101 () {46 vars in 900 bytes} [Sun Jun 25 16:18:13 2017] GET /goods/index => generated 11728 bytes in 81 msecs (HTTP/1.1 200) 3 headers in 102 bytes (1 switches on core 0)
...brutally killing workers...
Gracefully killing worker 2 (pid: 8798)...
Gracefully killing worker 1 (pid: 8797)...
Gracefully killing worker 3 (pid: 8799)...
worker 1 buried after 1 seconds
worker 2 buried after 1 seconds
worker 3 buried after 1 seconds
worker 4 buried after 2 seconds
binary reloading uWSGI...
chdir() to /home/sea/dailyfresh
closing all non-uwsgi socket fds > 2 (max_fd = 1024)...
found fd 3 mapped to socket 0 (127.0.0.1:3400)
running /home/sea/.virtualenvs/h1/bin/uwsgi
[uWSGI] getting INI configuration from uwsgi.ini
*** Starting uWSGI 2.0.15 (64bit) on [Sun Jun 25 16:21:41 2017] ***
compiled with version: 5.4.0 20160609 on 24 May 2017 12:18:57
os: Linux-4.8.0-56-generic #61~16.04.1-Ubuntu SMP Wed Jun 14 11:58:22 UTC 2017
nodename: sea-virtual-machine
machine: x86_64
clock source: unix
pcre jit disabled
detected number of CPU cores: 1
current working directory: /home/sea/dailyfresh
detected binary path: /home/sea/.virtualenvs/h1/bin/uwsgi
chdir() to /home/sea/dailyfresh
your processes number limit is 3726
your memory page size is 4096 bytes
detected max file descriptor number: 1024
lock engine: pthread robust mutexes
thunder lock: disabled (you can enable it with --thunder-lock)
uwsgi socket 0 inherited INET address 127.0.0.1:3400 fd 3
Python version: 2.7.12 (default, Nov 19 2016, 06:48:10)  [GCC 5.4.0 20160609]
Python main interpreter initialized at 0x198da20
python threads support enabled
your server socket listen backlog is limited to 100 connections
your mercy for graceful operations on workers is 60 seconds
mapped 415280 bytes (405 KB) for 8 cores
*** Operational MODE: preforking+threaded ***
WSGI app 0 (mountpoint='') ready in 2 seconds on interpreter 0x198da20 pid: 8794 (default app)
*** uWSGI is running in multiple interpreter mode ***
gracefully (RE)spawned uWSGI master process (pid: 8794)
spawned uWSGI worker 1 (pid: 9120, cores: 2)
spawned uWSGI worker 2 (pid: 9121, cores: 2)
spawned uWSGI worker 3 (pid: 9122, cores: 2)
spawned uWSGI worker 4 (pid: 9123, cores: 2)
*** Starting uWSGI 2.0.15 (64bit) on [Mon Jun 26 06:55:55 2017] ***
compiled with version: 5.4.0 20160609 on 24 May 2017 12:18:57
os: Linux-4.8.0-56-generic #61~16.04.1-Ubuntu SMP Wed Jun 14 11:58:22 UTC 2017
nodename: sea-virtual-machine
machine: x86_64
clock source: unix
pcre jit disabled
detected number of CPU cores: 1
current working directory: /home/sea/dailyfresh
writing pidfile to uwsgi.pid
detected binary path: /home/sea/.virtualenvs/h1/bin/uwsgi
chdir() to /home/sea/dailyfresh
your processes number limit is 3726
your memory page size is 4096 bytes
detected max file descriptor number: 1024
lock engine: pthread robust mutexes
thunder lock: disabled (you can enable it with --thunder-lock)
uWSGI http bound on 192.168.1.103:8000 fd 4
uwsgi socket 0 bound to TCP address 127.0.0.1:40273 (port auto-assigned) fd 3
Python version: 2.7.12 (default, Nov 19 2016, 06:48:10)  [GCC 5.4.0 20160609]
Python main interpreter initialized at 0x82cee0
python threads support enabled
your server socket listen backlog is limited to 100 connections
your mercy for graceful operations on workers is 60 seconds
mapped 415280 bytes (405 KB) for 8 cores
*** Operational MODE: preforking+threaded ***
WSGI app 0 (mountpoint='') ready in 2 seconds on interpreter 0x82cee0 pid: 3697 (default app)
*** uWSGI is running in multiple interpreter mode ***
spawned uWSGI master process (pid: 3697)
spawned uWSGI worker 1 (pid: 3700, cores: 2)
spawned uWSGI worker 2 (pid: 3701, cores: 2)
spawned uWSGI worker 3 (pid: 3702, cores: 2)
spawned uWSGI worker 4 (pid: 3703, cores: 2)
spawned uWSGI http 1 (pid: 3704)
static/images/goods_img/goods018.jpg
static/images/goods_img/goods019.jpg
static/images/goods_img/goods020.jpg
static/images/goods_img/goods021.jpg
[pid: 3702|app: 0|req: 1/1] 192.168.1.101 () {38 vars in 701 bytes} [Sun Jun 25 22:56:04 2017] GET /goods/index => generated 11721 bytes in 470 msecs (HTTP/1.1 200) 3 headers in 102 bytes (1 switches on core 0)
[pid: 3702|app: 0|req: 2/2] 192.168.1.101 () {38 vars in 681 bytes} [Sun Jun 25 22:56:05 2017] GET /static/css/reset.css => generated 94 bytes in 29 msecs (HTTP/1.1 404) 2 headers in 80 bytes (1 switches on core 1)
[pid: 3700|app: 0|req: 2/3] 192.168.1.101 () {38 vars in 678 bytes} [Sun Jun 25 22:56:05 2017] GET /static/js/jquery-ui.min.js => generated 100 bytes in 170 msecs (HTTP/1.1 404) 2 headers in 80 bytes (1 switches on core 0)
[pid: 3702|app: 0|req: 3/4] 192.168.1.101 () {38 vars in 678 bytes} [Sun Jun 25 22:56:05 2017] GET /static/js/jquery-1.12.2.js => generated 100 bytes in 8 msecs (HTTP/1.1 404) 2 headers in 80 bytes (1 switches on core 0)
[pid: 3703|app: 0|req: 2/5] 192.168.1.101 () {38 vars in 686 bytes} [Sun Jun 25 22:56:05 2017] GET /static/js/jquery-1.12.4.min.js => generated 104 bytes in 186 msecs (HTTP/1.1 404) 2 headers in 80 bytes (1 switches on core 1)
[pid: 3703|app: 0|req: 2/6] 192.168.1.101 () {38 vars in 679 bytes} [Sun Jun 25 22:56:05 2017] GET /static/css/main.css => generated 93 bytes in 191 msecs (HTTP/1.1 404) 2 headers in 80 bytes (1 switches on core 0)
[pid: 3700|app: 0|req: 2/7] 192.168.1.101 () {38 vars in 662 bytes} [Sun Jun 25 22:56:05 2017] GET /static/js/slide.js => generated 92 bytes in 180 msecs (HTTP/1.1 404) 2 headers in 80 bytes (1 switches on core 1)
[pid: 3702|app: 0|req: 4/9] 192.168.1.101 () {38 vars in 695 bytes} [Sun Jun 25 22:56:05 2017] GET /static/images/logo.png => generated 96 bytes in 24 msecs (HTTP/1.1 404) 2 headers in 80 bytes (1 switches on core 1)
[pid: 3703|app: 0|req: 3/9] 192.168.1.101 () {38 vars in 697 bytes} [Sun Jun 25 22:56:05 2017] GET /static/images/slide.jpg => generated 97 bytes in 6 msecs (HTTP/1.1 404) 2 headers in 80 bytes (1 switches on core 1)
[pid: 3701|app: 0|req: 2/11] 192.168.1.101 () {38 vars in 701 bytes} [Sun Jun 25 22:56:05 2017] GET /static/images/slide02.jpg => generated 99 bytes in 63 msecs (HTTP/1.1 404) 2 headers in 80 bytes (1 switches on core 1)
[pid: 3701|app: 0|req: 2/11] 192.168.1.101 () {38 vars in 678 bytes} [Sun Jun 25 22:56:05 2017] GET /static/js/jquery-ui.min.js => generated 100 bytes in 100 msecs (HTTP/1.1 404) 2 headers in 80 bytes (1 switches on core 0)
[pid: 3702|app: 0|req: 5/12] 192.168.1.101 () {38 vars in 662 bytes} [Sun Jun 25 22:56:05 2017] GET /static/js/slide.js => generated 92 bytes in 3 msecs (HTTP/1.1 404) 2 headers in 80 bytes (1 switches on core 0)
[pid: 3703|app: 0|req: 4/13] 192.168.1.101 () {38 vars in 701 bytes} [Sun Jun 25 22:56:05 2017] GET /static/images/slide03.jpg => generated 99 bytes in 9 msecs (HTTP/1.1 404) 2 headers in 80 bytes (1 switches on core 0)
[pid: 3700|app: 0|req: 4/14] 192.168.1.101 () {38 vars in 697 bytes} [Sun Jun 25 22:56:05 2017] GET /static/images/adv02.jpg => generated 97 bytes in 8 msecs (HTTP/1.1 404) 2 headers in 80 bytes (1 switches on core 1)
[pid: 3701|app: 0|req: 3/15] 192.168.1.101 () {38 vars in 703 bytes} [Sun Jun 25 22:56:05 2017] GET /static/images/banner01.jpg => generated 100 bytes in 8 msecs (HTTP/1.1 404) 2 headers in 80 bytes (1 switches on core 1)
[pid: 3702|app: 0|req: 7/17] 192.168.1.101 () {38 vars in 723 bytes} [Sun Jun 25 22:56:05 2017] GET /static/images/goods_img/goods001.jpg => generated 110 bytes in 19 msecs (HTTP/1.1 404) 2 headers in 80 bytes (1 switches on core 0)
[pid: 3703|app: 0|req: 5/18] 192.168.1.101 () {38 vars in 701 bytes} [Sun Jun 25 22:56:05 2017] GET /static/images/slide04.jpg => generated 99 bytes in 31 msecs (HTTP/1.1 404) 2 headers in 80 bytes (1 switches on core 1)
[pid: 3701|app: 0|req: 4/19] 192.168.1.101 () {38 vars in 723 bytes} [Sun Jun 25 22:56:05 2017] GET /static/images/goods_img/goods004.jpg => generated 110 bytes in 1 msecs (HTTP/1.1 404) 2 headers in 80 bytes (1 switches on core 0)
[pid: 3700|app: 0|req: 5/19] 192.168.1.101 () {38 vars in 723 bytes} [Sun Jun 25 22:56:05 2017] GET /static/images/goods_img/goods003.jpg => generated 110 bytes in 2 msecs (HTTP/1.1 404) 2 headers in 80 bytes (1 switches on core 1)
[pid: 3700|app: 0|req: 5/20] 192.168.1.101 () {38 vars in 697 bytes} [Sun Jun 25 22:56:05 2017] GET /static/images/adv01.jpg => generated 97 bytes in 38 msecs (HTTP/1.1 404) 2 headers in 80 bytes (1 switches on core 0)
[pid: 3702|app: 0|req: 7/21] 192.168.1.101 () {38 vars in 723 bytes} [Sun Jun 25 22:56:05 2017] GET /static/images/goods_img/goods002.jpg => generated 110 bytes in 27 msecs (HTTP/1.1 404) 2 headers in 80 bytes (1 switches on core 1)
[pid: 3703|app: 0|req: 6/22] 192.168.1.101 () {38 vars in 723 bytes} [Sun Jun 25 22:56:05 2017] GET /static/images/goods_img/goods018.jpg => generated 110 bytes in 4 msecs (HTTP/1.1 404) 2 headers in 80 bytes (1 switches on core 0)
[pid: 3703|app: 0|req: 7/23] 192.168.1.101 () {38 vars in 723 bytes} [Sun Jun 25 22:56:05 2017] GET /static/images/goods_img/goods019.jpg => generated 110 bytes in 2 msecs (HTTP/1.1 404) 2 headers in 80 bytes (1 switches on core 1)
[pid: 3702|app: 0|req: 9/24] 192.168.1.101 () {38 vars in 703 bytes} [Sun Jun 25 22:56:05 2017] GET /static/images/banner03.jpg => generated 100 bytes in 10 msecs (HTTP/1.1 404) 2 headers in 80 bytes (1 switches on core 1)
[pid: 3702|app: 0|req: 9/25] 192.168.1.101 () {38 vars in 723 bytes} [Sun Jun 25 22:56:05 2017] GET /static/images/goods_img/goods021.jpg => generated 110 bytes in 15 msecs (HTTP/1.1 404) 2 headers in 80 bytes (1 switches on core 0)
[pid: 3700|app: 0|req: 7/26] 192.168.1.101 () {38 vars in 703 bytes} [Sun Jun 25 22:56:05 2017] GET /static/images/banner02.jpg => generated 100 bytes in 33 msecs (HTTP/1.1 404) 2 headers in 80 bytes (1 switches on core 1)
[pid: 3700|app: 0|req: 7/27] 192.168.1.101 () {38 vars in 723 bytes} [Sun Jun 25 22:56:05 2017] GET /static/images/goods_img/goods020.jpg => generated 110 bytes in 16 msecs (HTTP/1.1 404) 2 headers in 80 bytes (1 switches on core 0)
[pid: 3703|app: 0|req: 8/28] 192.168.1.101 () {38 vars in 697 bytes} [Sun Jun 25 22:56:05 2017] GET /static/images/goods.jpg => generated 97 bytes in 5 msecs (HTTP/1.1 404) 2 headers in 80 bytes (1 switches on core 1)
[pid: 3700|app: 0|req: 8/29] 192.168.1.101 () {38 vars in 703 bytes} [Sun Jun 25 22:56:05 2017] GET /static/images/banner04.jpg => generated 100 bytes in 18 msecs (HTTP/1.1 404) 2 headers in 80 bytes (1 switches on core 1)
[pid: 3703|app: 0|req: 9/30] 192.168.1.101 () {38 vars in 703 bytes} [Sun Jun 25 22:56:05 2017] GET /static/images/banner06.jpg => generated 100 bytes in 3 msecs (HTTP/1.1 404) 2 headers in 80 bytes (1 switches on core 0)
[pid: 3703|app: 0|req: 10/31] 192.168.1.101 () {38 vars in 695 bytes} [Sun Jun 25 22:56:05 2017] GET /static/images/logo.png => generated 96 bytes in 2 msecs (HTTP/1.1 404) 2 headers in 80 bytes (1 switches on core 1)
[pid: 3700|app: 0|req: 9/32] 192.168.1.101 () {38 vars in 697 bytes} [Sun Jun 25 22:56:05 2017] GET /static/images/slide.jpg => generated 97 bytes in 2 msecs (HTTP/1.1 404) 2 headers in 80 bytes (1 switches on core 0)
[pid: 3701|app: 0|req: 5/33] 192.168.1.101 () {38 vars in 701 bytes} [Sun Jun 25 22:56:05 2017] GET /static/images/slide02.jpg => generated 99 bytes in 4 msecs (HTTP/1.1 404) 2 headers in 80 bytes (1 switches on core 0)
[pid: 3702|app: 0|req: 10/34] 192.168.1.101 () {38 vars in 703 bytes} [Sun Jun 25 22:56:05 2017] GET /static/images/banner05.jpg => generated 100 bytes in 24 msecs (HTTP/1.1 404) 2 headers in 80 bytes (1 switches on core 1)
[pid: 3703|app: 0|req: 11/35] 192.168.1.101 () {38 vars in 678 bytes} [Sun Jun 25 22:56:05 2017] GET /static/js/jquery-1.12.2.js => generated 100 bytes in 4 msecs (HTTP/1.1 404) 2 headers in 80 bytes (1 switches on core 1)
[pid: 3701|app: 0|req: 6/36] 192.168.1.101 () {38 vars in 673 bytes} [Sun Jun 25 22:56:05 2017] GET /favicon.ico => generated 85 bytes in 2 msecs (HTTP/1.1 404) 2 headers in 80 bytes (1 switches on core 1)
SIGINT/SIGQUIT received...killing workers...
gateway "uWSGI http 1" has been buried (pid: 3704)
worker 1 buried after 1 seconds
worker 2 buried after 1 seconds
worker 3 buried after 1 seconds
worker 4 buried after 1 seconds
goodbye to uWSGI.
*** Starting uWSGI 2.0.15 (64bit) on [Mon Jun 26 08:35:30 2017] ***
compiled with version: 5.4.0 20160609 on 24 May 2017 12:18:57
os: Linux-4.8.0-56-generic #61~16.04.1-Ubuntu SMP Wed Jun 14 11:58:22 UTC 2017
nodename: sea-virtual-machine
machine: x86_64
clock source: unix
pcre jit disabled
detected number of CPU cores: 1
current working directory: /home/sea/dailyfresh
writing pidfile to uwsgi.pid
detected binary path: /home/sea/.virtualenvs/h1/bin/uwsgi
chdir() to /home/sea/dailyfresh
your processes number limit is 3726
your memory page size is 4096 bytes
detected max file descriptor number: 1024
lock engine: pthread robust mutexes
thunder lock: disabled (you can enable it with --thunder-lock)
uwsgi socket 0 bound to TCP address 127.0.0.1:3400 fd 3
Python version: 2.7.12 (default, Nov 19 2016, 06:48:10)  [GCC 5.4.0 20160609]
Python main interpreter initialized at 0x257c290
python threads support enabled
your server socket listen backlog is limited to 100 connections
your mercy for graceful operations on workers is 60 seconds
mapped 415280 bytes (405 KB) for 8 cores
*** Operational MODE: preforking+threaded ***
WSGI app 0 (mountpoint='') ready in 1 seconds on interpreter 0x257c290 pid: 4342 (default app)
*** uWSGI is running in multiple interpreter mode ***
spawned uWSGI master process (pid: 4342)
spawned uWSGI worker 1 (pid: 4345, cores: 2)
spawned uWSGI worker 2 (pid: 4346, cores: 2)
spawned uWSGI worker 3 (pid: 4347, cores: 2)
spawned uWSGI worker 4 (pid: 4348, cores: 2)
static/images/goods_img/goods018.jpg
static/images/goods_img/goods019.jpg
static/images/goods_img/goods020.jpg
static/images/goods_img/goods021.jpg
[pid: 4345|app: 0|req: 1/1] 192.168.1.101 () {42 vars in 743 bytes} [Mon Jun 26 00:36:21 2017] GET /goods/index => generated 11721 bytes in 238 msecs (HTTP/1.1 200) 3 headers in 102 bytes (1 switches on core 0)
[pid: 4348|app: 0|req: 1/2] 192.168.1.101 () {42 vars in 710 bytes} [Mon Jun 26 00:36:21 2017] GET /favicon.ico => generated 85 bytes in 63 msecs (HTTP/1.1 404) 2 headers in 80 bytes (1 switches on core 0)
SIGINT/SIGQUIT received...killing workers...
worker 1 buried after 1 seconds
worker 2 buried after 1 seconds
worker 3 buried after 1 seconds
worker 4 buried after 1 seconds
goodbye to uWSGI.
